<?xml version="1.0" encoding="UTF-8"?><testsuite errors="1" failures="1" name="com.studentapp.features.studentapptest.FirstSerenityTest" skipped="4" tests="7" time="6.18" timestamp="2017-11-312 11:19:24"><testcase classname="com.studentapp.features.studentapptest.FirstSerenityTest" name="This is pending test"><skipped/></testcase><testcase classname="com.studentapp.features.studentapptest.FirstSerenityTest" name="This is manula test"><skipped/></testcase><testcase classname="com.studentapp.features.studentapptest.FirstSerenityTest" name="This is skipp test"><skipped/></testcase><testcase classname="com.studentapp.features.studentapptest.FirstSerenityTest" name="This is error"><error message="/ by zero" type="java.lang.ArithmeticException">/ by zero</error><system-err>/ by zero&#13;
com.studentapp.features.studentapptest.FirstSerenityTest.thisIsError(FirstSerenityTest.java:73)&#13;
</system-err></testcase><testcase classname="com.studentapp.features.studentapptest.FirstSerenityTest" name="File does not exist"><compromised message="C:\some.txt (The system cannot find the file specified)" type="java.io.FileNotFoundException">C:\some.txt (The system cannot find the file specified)</compromised><system-err>C:\some.txt (The system cannot find the file specified)&#13;
com.studentapp.features.studentapptest.FirstSerenityTest.fileDoesNotExist(FirstSerenityTest.java:79)&#13;
</system-err></testcase><testcase classname="com.studentapp.features.studentapptest.FirstSerenityTest" name="This is failing"><failure message="1 expectation failed.&#10;Expected status code &lt;500&gt; but was &lt;200&gt;.&#10;" type="java.lang.AssertionError">1 expectation failed.
Expected status code &lt;500&gt; but was &lt;200&gt;.
</failure><system-err>1 expectation failed.
Expected status code &lt;500&gt; but was &lt;200&gt;.
&#13;
io.restassured.internal.ResponseSpecificationImpl.validateResponseIfRequired(ResponseSpecificationImpl.groovy:636)&#13;
io.restassured.internal.ResponseSpecificationImpl.statusCode(ResponseSpecificationImpl.groovy:122)&#13;
io.restassured.internal.ResponseSpecificationImpl.statusCode(ResponseSpecificationImpl.groovy:130)&#13;
io.restassured.internal.ValidatableResponseOptionsImpl.statusCode(ValidatableResponseOptionsImpl.java:117)&#13;
com.studentapp.features.studentapptest.FirstSerenityTest.thisIsFailing(FirstSerenityTest.java:47)&#13;
</system-err></testcase><testcase classname="com.studentapp.features.studentapptest.FirstSerenityTest" name="Get all students"/></testsuite>