<?xml version="1.0" encoding="UTF-8"?><testsuite errors="0" failures="0" name="com.studentapp.features.studentapptest.StudentCRUDTest" skipped="0" tests="4" time="7.66" timestamp="2017-11-312 11:16:11"><testcase classname="com.studentapp.features.studentapptest.StudentCRUDTest" name="This test will create the student"/><testcase classname="com.studentapp.features.studentapptest.StudentCRUDTest" name="verify if student added to app"/><testcase classname="com.studentapp.features.studentapptest.StudentCRUDTest" name="Update first name"/><testcase classname="com.studentapp.features.studentapptest.StudentCRUDTest" name="Delete student and verify if student is deleted"/></testsuite>